<?xml version="1.0" encoding="UTF-8"?>
<testsuite name="com.aboutyou.cloud.adminapi.ProductVariantTest" tests="5" skipped="0" failures="0" errors="0" timestamp="2020-10-01T16:13:07" hostname="runner-yadbz4tg-project-19273999-concurrent-0" time="0.853">
  <properties/>
  <testcase name="testAll" classname="com.aboutyou.cloud.adminapi.ProductVariantTest" time="0.697"/>
  <testcase name="testGet" classname="com.aboutyou.cloud.adminapi.ProductVariantTest" time="0.053"/>
  <testcase name="testCreate" classname="com.aboutyou.cloud.adminapi.ProductVariantTest" time="0.061"/>
  <testcase name="testDelete" classname="com.aboutyou.cloud.adminapi.ProductVariantTest" time="0.008"/>
  <testcase name="testUpdate" classname="com.aboutyou.cloud.adminapi.ProductVariantTest" time="0.028"/>
  <system-out><![CDATA[]]></system-out>
  <system-err><![CDATA[SLF4J: Failed to load class "org.slf4j.impl.StaticLoggerBinder".
SLF4J: Defaulting to no-operation (NOP) logger implementation
SLF4J: See http://www.slf4j.org/codes.html#StaticLoggerBinder for further details.
]]></system-err>
</testsuite>
