<?xml version="1.0" encoding="UTF-8"?>
<testsuite name="com.aboutyou.cloud.adminapi.ProductVariantStockTest" tests="2" skipped="0" failures="0" errors="0" timestamp="2020-10-07T09:13:19" hostname="runner-yadbz4tg-project-19273999-concurrent-0" time="0.032">
  <properties/>
  <testcase name="testAll" classname="com.aboutyou.cloud.adminapi.ProductVariantStockTest" time="0.017"/>
  <testcase name="testCreate" classname="com.aboutyou.cloud.adminapi.ProductVariantStockTest" time="0.014"/>
  <system-out><![CDATA[]]></system-out>
  <system-err><![CDATA[]]></system-err>
</testsuite>
