<?xml version="1.0" encoding="UTF-8"?>
<testsuite name="com.aboutyou.cloud.adminapi.ShopTest" tests="1" skipped="0" failures="0" errors="0" timestamp="2020-10-07T15:14:30" hostname="runner-yadbz4tg-project-19273999-concurrent-0" time="0.018">
  <properties/>
  <testcase name="testCreate" classname="com.aboutyou.cloud.adminapi.ShopTest" time="0.018"/>
  <system-out><![CDATA[]]></system-out>
  <system-err><![CDATA[]]></system-err>
</testsuite>
