<?xml version="1.0" encoding="UTF-8"?>
<testsuite name="com.aboutyou.cloud.adminapi.ProductVariantStockTest" tests="2" skipped="0" failures="0" errors="0" timestamp="2020-10-08T11:42:32" hostname="runner-yadbz4tg-project-19273999-concurrent-0" time="0.034">
  <properties/>
  <testcase name="testAll" classname="com.aboutyou.cloud.adminapi.ProductVariantStockTest" time="0.022"/>
  <testcase name="testCreate" classname="com.aboutyou.cloud.adminapi.ProductVariantStockTest" time="0.012"/>
  <system-out><![CDATA[]]></system-out>
  <system-err><![CDATA[]]></system-err>
</testsuite>
