<?xml version="1.0" encoding="UTF-8"?>
<testsuite name="com.aboutyou.cloud.adminapi.ProductVariantStockTest" tests="2" skipped="0" failures="0" errors="0" timestamp="2020-10-01T18:27:06" hostname="runner-yadbz4tg-project-19273999-concurrent-0" time="0.035">
  <properties/>
  <testcase name="testAll" classname="com.aboutyou.cloud.adminapi.ProductVariantStockTest" time="0.016"/>
  <testcase name="testCreate" classname="com.aboutyou.cloud.adminapi.ProductVariantStockTest" time="0.018"/>
  <system-out><![CDATA[]]></system-out>
  <system-err><![CDATA[]]></system-err>
</testsuite>
