<?xml version="1.0" encoding="UTF-8"?>
<testsuite name="com.aboutyou.cloud.adminapi.ProductVariantTest" tests="5" skipped="0" failures="0" errors="0" timestamp="2020-10-06T10:11:34" hostname="runner-yadbz4tg-project-19273999-concurrent-0" time="0.786">
  <properties/>
  <testcase name="testAll" classname="com.aboutyou.cloud.adminapi.ProductVariantTest" time="0.675"/>
  <testcase name="testGet" classname="com.aboutyou.cloud.adminapi.ProductVariantTest" time="0.033"/>
  <testcase name="testCreate" classname="com.aboutyou.cloud.adminapi.ProductVariantTest" time="0.038"/>
  <testcase name="testDelete" classname="com.aboutyou.cloud.adminapi.ProductVariantTest" time="0.009"/>
  <testcase name="testUpdate" classname="com.aboutyou.cloud.adminapi.ProductVariantTest" time="0.026"/>
  <system-out><![CDATA[]]></system-out>
  <system-err><![CDATA[SLF4J: Failed to load class "org.slf4j.impl.StaticLoggerBinder".
SLF4J: Defaulting to no-operation (NOP) logger implementation
SLF4J: See http://www.slf4j.org/codes.html#StaticLoggerBinder for further details.
]]></system-err>
</testsuite>
