<?xml version="1.0" encoding="UTF-8"?>
<testsuite name="com.aboutyou.cloud.adminapi.ProductVariantPriceTest" tests="2" skipped="0" failures="0" errors="0" timestamp="2020-10-08T10:18:49" hostname="runner-yadbz4tg-project-19273999-concurrent-0" time="0.051">
  <properties/>
  <testcase name="testAll" classname="com.aboutyou.cloud.adminapi.ProductVariantPriceTest" time="0.02"/>
  <testcase name="testCreate" classname="com.aboutyou.cloud.adminapi.ProductVariantPriceTest" time="0.028"/>
  <system-out><![CDATA[]]></system-out>
  <system-err><![CDATA[]]></system-err>
</testsuite>
